This file contains any messages produced by compilers while
running configure, to aid debugging if configure makes a mistake.

It was created by openocd configure 0.5.0, which was
generated by GNU Autoconf 2.68.  Invocation command line was

  $ ./configure --host=arm-none-linux-gnueabi --enable-imx233 --disable-werror

## --------- ##
## Platform. ##
## --------- ##

hostname = felipe-vm
uname -m = x86_64
uname -r = 3.5.0-19-generic
uname -s = Linux
uname -v = #30-Ubuntu SMP Tue Nov 13 17:48:01 UTC 2012

/usr/bin/uname -p = unknown
/bin/uname -X     = unknown

/bin/arch              = unknown
/usr/bin/arch -k       = unknown
/usr/convex/getsysinfo = unknown
/usr/bin/hostinfo      = unknown
/bin/machine           = unknown
/usr/bin/oslevel       = unknown
/bin/universe          = unknown

PATH: /usr/lib/lightdm/lightdm
PATH: /usr/local/sbin
PATH: /usr/local/bin
PATH: /usr/sbin
PATH: /usr/bin
PATH: /sbin
PATH: /bin
PATH: /usr/games
PATH: /usr/local/games
PATH: /opt/QtSDK/QtCreator/bin
PATH: /home/felipe/thesis_dev_repo/buildroot-2011.08/output/host/usr/bin
PATH: /home/felipe/sat/bin
PATH: /usr/lib/lightdm/lightdm
PATH: /usr/local/sbin
PATH: /usr/local/bin
PATH: /usr/sbin
PATH: /usr/bin
PATH: /sbin
PATH: /bin
PATH: /usr/games
PATH: /usr/local/games


## ----------- ##
## Core tests. ##
## ----------- ##

configure:2489: checking for a BSD-compatible install
configure:2557: result: /usr/bin/install -c
configure:2568: checking whether build environment is sane
configure:2618: result: yes
configure:2667: checking for arm-none-linux-gnueabi-strip
configure:2683: found /home/felipe/thesis_dev_repo/buildroot-2011.08/output/host/usr/bin/arm-none-linux-gnueabi-strip
configure:2694: result: arm-none-linux-gnueabi-strip
configure:2759: checking for a thread-safe mkdir -p
configure:2798: result: /bin/mkdir -p
configure:2811: checking for gawk
configure:2827: found /usr/bin/gawk
configure:2838: result: gawk
configure:2849: checking whether make sets $(MAKE)
configure:2871: result: yes
configure:2952: checking whether to enable maintainer-specific portions of Makefiles
configure:2961: result: no
configure:2993: checking for arm-none-linux-gnueabi-gcc
configure:3009: found /home/felipe/thesis_dev_repo/buildroot-2011.08/output/host/usr/bin/arm-none-linux-gnueabi-gcc
configure:3020: result: arm-none-linux-gnueabi-gcc
configure:3289: checking for C compiler version
configure:3298: arm-none-linux-gnueabi-gcc --version >&5
arm-none-linux-gnueabi-gcc (Sourcery G++ Lite 2010.09-50) 4.5.1
Copyright (C) 2010 Free Software Foundation, Inc.
This is free software; see the source for copying conditions.  There is NO
warranty; not even for MERCHANTABILITY or FITNESS FOR A PARTICULAR PURPOSE.

configure:3309: $? = 0
configure:3298: arm-none-linux-gnueabi-gcc -v >&5
Using built-in specs.
COLLECT_GCC=/home/felipe/thesis_dev_repo/buildroot-2011.08/output/host/opt/ext-toolchain/bin/arm-none-linux-gnueabi-gcc
COLLECT_LTO_WRAPPER=/home/felipe/thesis_dev_repo/buildroot-2011.08/output/host/opt/ext-toolchain/bin/../libexec/gcc/arm-none-linux-gnueabi/4.5.1/lto-wrapper
Target: arm-none-linux-gnueabi
Configured with: /scratch/nathan/arm-lite/src/gcc-4.5-2010.09/configure --build=i686-pc-linux-gnu --host=i686-pc-linux-gnu --target=arm-none-linux-gnueabi --enable-threads --disable-libmudflap --disable-libssp --disable-libstdcxx-pch --enable-extra-sgxxlite-multilibs --with-arch=armv5te --with-gnu-as --with-gnu-ld --with-specs='%{save-temps: -fverbose-asm} %{funwind-tables|fno-unwind-tables|mabi=*|ffreestanding|nostdlib:;:-funwind-tables} -D__CS_SOURCERYGXX_MAJ__=2010 -D__CS_SOURCERYGXX_MIN__=9 -D__CS_SOURCERYGXX_REV__=50 %{O2:%{!fno-remove-local-statics: -fremove-local-statics}} %{O*:%{O|O0|O1|O2|Os:;:%{!fno-remove-local-statics: -fremove-local-statics}}}' --enable-languages=c,c++ --enable-shared --enable-lto --enable-symvers=gnu --enable-__cxa_atexit --with-pkgversion='Sourcery G++ Lite 2010.09-50' --with-bugurl=https://support.codesourcery.com/GNUToolchain/ --disable-nls --prefix=/opt/codesourcery --with-sysroot=/opt/codesourcery/arm-none-linux-gnueabi/libc --with-build-sysroot=/scratch/nathan/arm-lite/install/arm-none-linux-gnueabi/libc --with-gmp=/scratch/nathan/arm-lite/obj/host-libs-2010.09-50-arm-none-linux-gnueabi-i686-pc-linux-gnu/usr --with-mpfr=/scratch/nathan/arm-lite/obj/host-libs-2010.09-50-arm-none-linux-gnueabi-i686-pc-linux-gnu/usr --with-mpc=/scratch/nathan/arm-lite/obj/host-libs-2010.09-50-arm-none-linux-gnueabi-i686-pc-linux-gnu/usr --with-ppl=/scratch/nathan/arm-lite/obj/host-libs-2010.09-50-arm-none-linux-gnueabi-i686-pc-linux-gnu/usr --with-host-libstdcxx='-static-libgcc -Wl,-Bstatic,-lstdc++,-Bdynamic -lm' --with-cloog=/scratch/nathan/arm-lite/obj/host-libs-2010.09-50-arm-none-linux-gnueabi-i686-pc-linux-gnu/usr --with-libelf=/scratch/nathan/arm-lite/obj/host-libs-2010.09-50-arm-none-linux-gnueabi-i686-pc-linux-gnu/usr --disable-libgomp --enable-poison-system-directories --with-build-time-tools=/scratch/nathan/arm-lite/install/arm-none-linux-gnueabi/bin --with-build-time-tools=/scratch/nathan/arm-lite/install/arm-none-linux-gnueabi/bin
Thread model: posix
gcc version 4.5.1 (Sourcery G++ Lite 2010.09-50) 
configure:3309: $? = 0
configure:3298: arm-none-linux-gnueabi-gcc -V >&5
arm-none-linux-gnueabi-gcc: '-V' must come at the start of the command line
configure:3309: $? = 1
configure:3298: arm-none-linux-gnueabi-gcc -qversion >&5
arm-none-linux-gnueabi-gcc: unrecognized option '-qversion'
arm-none-linux-gnueabi-gcc: no input files
configure:3309: $? = 1
configure:3329: checking whether the C compiler works
configure:3351: arm-none-linux-gnueabi-gcc    conftest.c  >&5
configure:3355: $? = 0
configure:3403: result: yes
configure:3406: checking for C compiler default output file name
configure:3408: result: a.out
configure:3414: checking for suffix of executables
configure:3421: arm-none-linux-gnueabi-gcc -o conftest    conftest.c  >&5
configure:3425: $? = 0
configure:3447: result: 
configure:3469: checking whether we are cross compiling
configure:3477: arm-none-linux-gnueabi-gcc -o conftest    conftest.c  >&5
configure:3481: $? = 0
configure:3488: ./conftest
./configure: line 3490: ./conftest: cannot execute binary file
configure:3492: $? = 126
configure:3507: result: yes
configure:3512: checking for suffix of object files
configure:3534: arm-none-linux-gnueabi-gcc -c   conftest.c >&5
configure:3538: $? = 0
configure:3559: result: o
configure:3563: checking whether we are using the GNU C compiler
configure:3582: arm-none-linux-gnueabi-gcc -c   conftest.c >&5
configure:3582: $? = 0
configure:3591: result: yes
configure:3600: checking whether arm-none-linux-gnueabi-gcc accepts -g
configure:3620: arm-none-linux-gnueabi-gcc -c -g  conftest.c >&5
configure:3620: $? = 0
configure:3661: result: yes
configure:3678: checking for arm-none-linux-gnueabi-gcc option to accept ISO C89
configure:3742: arm-none-linux-gnueabi-gcc  -c -g -O2  conftest.c >&5
configure:3742: $? = 0
configure:3755: result: none needed
configure:3786: checking for style of include used by make
configure:3814: result: GNU
configure:3839: checking dependency style of arm-none-linux-gnueabi-gcc
configure:3949: result: gcc3
configure:3964: checking for arm-none-linux-gnueabi-gcc option to accept ISO C99
configure:4113: arm-none-linux-gnueabi-gcc  -c -g -O2  conftest.c >&5
conftest.c:61:29: error: expected ';', ',' or ')' before 'text'
conftest.c: In function 'main':
conftest.c:115:18: error: expected '=', ',', ';', 'asm' or '__attribute__' before 'newvar'
conftest.c:115:18: error: 'newvar' undeclared (first use in this function)
conftest.c:115:18: note: each undeclared identifier is reported only once for each function it appears in
conftest.c:125:3: error: 'for' loop initial declarations are only allowed in C99 mode
conftest.c:125:3: note: use option -std=c99 or -std=gnu99 to compile your code
configure:4113: $? = 1
configure: failed program was:
| /* confdefs.h */
| #define PACKAGE_NAME "openocd"
| #define PACKAGE_TARNAME "openocd"
| #define PACKAGE_VERSION "0.5.0"
| #define PACKAGE_STRING "openocd 0.5.0"
| #define PACKAGE_BUGREPORT "OpenOCD Mailing List <openocd-development@lists.berlios.de>"
| #define PACKAGE_URL ""
| #define PACKAGE "openocd"
| #define VERSION "0.5.0"
| /* end confdefs.h.  */
| #include <stdarg.h>
| #include <stdbool.h>
| #include <stdlib.h>
| #include <wchar.h>
| #include <stdio.h>
| 
| // Check varargs macros.  These examples are taken from C99 6.10.3.5.
| #define debug(...) fprintf (stderr, __VA_ARGS__)
| #define showlist(...) puts (#__VA_ARGS__)
| #define report(test,...) ((test) ? puts (#test) : printf (__VA_ARGS__))
| static void
| test_varargs_macros (void)
| {
|   int x = 1234;
|   int y = 5678;
|   debug ("Flag");
|   debug ("X = %d\n", x);
|   showlist (The first, second, and third items.);
|   report (x>y, "x is %d but y is %d", x, y);
| }
| 
| // Check long long types.
| #define BIG64 18446744073709551615ull
| #define BIG32 4294967295ul
| #define BIG_OK (BIG64 / BIG32 == 4294967297ull && BIG64 % BIG32 == 0)
| #if !BIG_OK
|   your preprocessor is broken;
| #endif
| #if BIG_OK
| #else
|   your preprocessor is broken;
| #endif
| static long long int bignum = -9223372036854775807LL;
| static unsigned long long int ubignum = BIG64;
| 
| struct incomplete_array
| {
|   int datasize;
|   double data[];
| };
| 
| struct named_init {
|   int number;
|   const wchar_t *name;
|   double average;
| };
| 
| typedef const char *ccp;
| 
| static inline int
| test_restrict (ccp restrict text)
| {
|   // See if C++-style comments work.
|   // Iterate through items via the restricted pointer.
|   // Also check for declarations in for loops.
|   for (unsigned int i = 0; *(text+i) != '\0'; ++i)
|     continue;
|   return 0;
| }
| 
| // Check varargs and va_copy.
| static void
| test_varargs (const char *format, ...)
| {
|   va_list args;
|   va_start (args, format);
|   va_list args_copy;
|   va_copy (args_copy, args);
| 
|   const char *str;
|   int number;
|   float fnumber;
| 
|   while (*format)
|     {
|       switch (*format++)
| 	{
| 	case 's': // string
| 	  str = va_arg (args_copy, const char *);
| 	  break;
| 	case 'd': // int
| 	  number = va_arg (args_copy, int);
| 	  break;
| 	case 'f': // float
| 	  fnumber = va_arg (args_copy, double);
| 	  break;
| 	default:
| 	  break;
| 	}
|     }
|   va_end (args_copy);
|   va_end (args);
| }
| 
| int
| main ()
| {
| 
|   // Check bool.
|   _Bool success = false;
| 
|   // Check restrict.
|   if (test_restrict ("String literal") == 0)
|     success = true;
|   char *restrict newvar = "Another string";
| 
|   // Check varargs.
|   test_varargs ("s, d' f .", "string", 65, 34.234);
|   test_varargs_macros ();
| 
|   // Check flexible array members.
|   struct incomplete_array *ia =
|     malloc (sizeof (struct incomplete_array) + (sizeof (double) * 10));
|   ia->datasize = 10;
|   for (int i = 0; i < ia->datasize; ++i)
|     ia->data[i] = i * 1.234;
| 
|   // Check named initializers.
|   struct named_init ni = {
|     .number = 34,
|     .name = L"Test wide string",
|     .average = 543.34343,
|   };
| 
|   ni.number = 58;
| 
|   int dynamic_array[ni.number];
|   dynamic_array[ni.number - 1] = 543;
| 
|   // work around unused variable warnings
|   return (!success || bignum == 0LL || ubignum == 0uLL || newvar[0] == 'x'
| 	  || dynamic_array[ni.number - 1] != 543);
| 
|   ;
|   return 0;
| }
configure:4113: arm-none-linux-gnueabi-gcc -std=gnu99 -c -g -O2  conftest.c >&5
configure:4113: $? = 0
configure:4133: result: -std=gnu99
configure:4142: checking whether arm-none-linux-gnueabi-gcc -std=gnu99 and cc understand -c and -o together
configure:4173: arm-none-linux-gnueabi-gcc -std=gnu99 -c conftest.c -o conftest2.o >&5
configure:4177: $? = 0
configure:4183: arm-none-linux-gnueabi-gcc -std=gnu99 -c conftest.c -o conftest2.o >&5
configure:4187: $? = 0
configure:4198: cc -c conftest.c >&5
configure:4202: $? = 0
configure:4210: cc -c conftest.c -o conftest2.o >&5
configure:4214: $? = 0
configure:4220: cc -c conftest.c -o conftest2.o >&5
configure:4224: $? = 0
configure:4242: result: yes
configure:4270: checking for arm-none-linux-gnueabi-ranlib
configure:4286: found /home/felipe/thesis_dev_repo/buildroot-2011.08/output/host/usr/bin/arm-none-linux-gnueabi-ranlib
configure:4297: result: arm-none-linux-gnueabi-ranlib
configure:4423: checking build system type
configure:4437: result: x86_64-unknown-linux-gnu
configure:4457: checking host system type
configure:4470: result: arm-none-linux-gnueabi
configure:4511: checking how to print strings
configure:4538: result: printf
configure:4559: checking for a sed that does not truncate output
configure:4623: result: /bin/sed
configure:4641: checking for grep that handles long lines and -e
configure:4699: result: /bin/grep
configure:4704: checking for egrep
configure:4766: result: /bin/grep -E
configure:4771: checking for fgrep
configure:4833: result: /bin/grep -F
configure:4868: checking for ld used by arm-none-linux-gnueabi-gcc -std=gnu99
configure:4935: result: /home/felipe/thesis_dev_repo/buildroot-2011.08/output/host/opt/ext-toolchain/arm-none-linux-gnueabi/bin/ld
configure:4942: checking if the linker (/home/felipe/thesis_dev_repo/buildroot-2011.08/output/host/opt/ext-toolchain/arm-none-linux-gnueabi/bin/ld) is GNU ld
configure:4957: result: yes
configure:4969: checking for BSD- or MS-compatible name lister (nm)
configure:5018: result: /home/felipe/thesis_dev_repo/buildroot-2011.08/output/host/usr/bin/arm-none-linux-gnueabi-nm -B
configure:5148: checking the name lister (/home/felipe/thesis_dev_repo/buildroot-2011.08/output/host/usr/bin/arm-none-linux-gnueabi-nm -B) interface
configure:5155: arm-none-linux-gnueabi-gcc -std=gnu99 -c -g -O2  conftest.c >&5
configure:5158: /home/felipe/thesis_dev_repo/buildroot-2011.08/output/host/usr/bin/arm-none-linux-gnueabi-nm -B "conftest.o"
configure:5161: output
00000000 B some_variable
configure:5168: result: BSD nm
configure:5171: checking whether ln -s works
configure:5175: result: yes
configure:5183: checking the maximum length of command line arguments
configure:5308: result: 1572864
configure:5325: checking whether the shell understands some XSI constructs
configure:5335: result: yes
configure:5339: checking whether the shell understands "+="
configure:5345: result: yes
configure:5380: checking how to convert x86_64-unknown-linux-gnu file names to arm-none-linux-gnueabi format
configure:5420: result: func_convert_file_noop
configure:5427: checking how to convert x86_64-unknown-linux-gnu file names to toolchain format
configure:5447: result: func_convert_file_noop
configure:5454: checking for /home/felipe/thesis_dev_repo/buildroot-2011.08/output/host/opt/ext-toolchain/arm-none-linux-gnueabi/bin/ld option to reload object files
configure:5461: result: -r
configure:5495: checking for arm-none-linux-gnueabi-objdump
configure:5511: found /home/felipe/thesis_dev_repo/buildroot-2011.08/output/host/usr/bin/arm-none-linux-gnueabi-objdump
configure:5522: result: arm-none-linux-gnueabi-objdump
configure:5594: checking how to recognize dependent libraries
configure:5796: result: pass_all
configure:5841: checking for arm-none-linux-gnueabi-dlltool
configure:5871: result: no
configure:5881: checking for dlltool
configure:5911: result: no
configure:5941: checking how to associate runtime and link libraries
configure:5968: result: printf %s\n
configure:5985: checking for arm-none-linux-gnueabi-ar
configure:6001: found /home/felipe/thesis_dev_repo/buildroot-2011.08/output/host/usr/bin/arm-none-linux-gnueabi-ar
configure:6012: result: arm-none-linux-gnueabi-ar
configure:6093: checking for archiver @FILE support
configure:6110: arm-none-linux-gnueabi-gcc -std=gnu99 -c -g -O2  conftest.c >&5
configure:6110: $? = 0
configure:6113: arm-none-linux-gnueabi-ar cru libconftest.a @conftest.lst >&5
configure:6116: $? = 0
configure:6121: arm-none-linux-gnueabi-ar cru libconftest.a @conftest.lst >&5
arm-none-linux-gnueabi-ar: conftest.o: No such file or directory
configure:6124: $? = 1
configure:6136: result: @
configure:6154: checking for arm-none-linux-gnueabi-strip
configure:6181: result: arm-none-linux-gnueabi-strip
configure:6253: checking for arm-none-linux-gnueabi-ranlib
configure:6280: result: arm-none-linux-gnueabi-ranlib
configure:6422: checking command to parse /home/felipe/thesis_dev_repo/buildroot-2011.08/output/host/usr/bin/arm-none-linux-gnueabi-nm -B output from arm-none-linux-gnueabi-gcc -std=gnu99 object
configure:6541: arm-none-linux-gnueabi-gcc -std=gnu99 -c -g -O2  conftest.c >&5
configure:6544: $? = 0
configure:6548: /home/felipe/thesis_dev_repo/buildroot-2011.08/output/host/usr/bin/arm-none-linux-gnueabi-nm -B conftest.o \| sed -n -e 's/^.*[ ]\([ABCDGIRSTW][ABCDGIRSTW]*\)[ ][ ]*\([_A-Za-z][_A-Za-z0-9]*\)$/\1 \2 \2/p' | sed '/ __gnu_lto/d' \> conftest.nm
configure:6551: $? = 0
configure:6617: arm-none-linux-gnueabi-gcc -std=gnu99 -o conftest -g -O2   conftest.c conftstm.o >&5
configure:6620: $? = 0
configure:6658: result: ok
configure:6695: checking for sysroot
configure:6725: result: no
configure:6928: checking for arm-none-linux-gnueabi-mt
configure:6958: result: no
configure:6968: checking for mt
configure:6984: found /bin/mt
configure:6995: result: mt
configure:7007: WARNING: using cross tools not prefixed with host triplet
configure:7018: checking if mt is a manifest tool
configure:7024: mt '-?'
configure:7032: result: no
configure:7664: checking how to run the C preprocessor
configure:7695: arm-none-linux-gnueabi-gcc -std=gnu99 -E  conftest.c
configure:7695: $? = 0
configure:7709: arm-none-linux-gnueabi-gcc -std=gnu99 -E  conftest.c
conftest.c:11:28: fatal error: ac_nonexistent.h: No such file or directory
compilation terminated.
configure:7709: $? = 1
configure: failed program was:
| /* confdefs.h */
| #define PACKAGE_NAME "openocd"
| #define PACKAGE_TARNAME "openocd"
| #define PACKAGE_VERSION "0.5.0"
| #define PACKAGE_STRING "openocd 0.5.0"
| #define PACKAGE_BUGREPORT "OpenOCD Mailing List <openocd-development@lists.berlios.de>"
| #define PACKAGE_URL ""
| #define PACKAGE "openocd"
| #define VERSION "0.5.0"
| /* end confdefs.h.  */
| #include <ac_nonexistent.h>
configure:7734: result: arm-none-linux-gnueabi-gcc -std=gnu99 -E
configure:7754: arm-none-linux-gnueabi-gcc -std=gnu99 -E  conftest.c
configure:7754: $? = 0
configure:7768: arm-none-linux-gnueabi-gcc -std=gnu99 -E  conftest.c
conftest.c:11:28: fatal error: ac_nonexistent.h: No such file or directory
compilation terminated.
configure:7768: $? = 1
configure: failed program was:
| /* confdefs.h */
| #define PACKAGE_NAME "openocd"
| #define PACKAGE_TARNAME "openocd"
| #define PACKAGE_VERSION "0.5.0"
| #define PACKAGE_STRING "openocd 0.5.0"
| #define PACKAGE_BUGREPORT "OpenOCD Mailing List <openocd-development@lists.berlios.de>"
| #define PACKAGE_URL ""
| #define PACKAGE "openocd"
| #define VERSION "0.5.0"
| /* end confdefs.h.  */
| #include <ac_nonexistent.h>
configure:7797: checking for ANSI C header files
configure:7817: arm-none-linux-gnueabi-gcc -std=gnu99 -c -g -O2  conftest.c >&5
configure:7817: $? = 0
configure:7901: result: yes
configure:7914: checking for sys/types.h
configure:7914: arm-none-linux-gnueabi-gcc -std=gnu99 -c -g -O2  conftest.c >&5
configure:7914: $? = 0
configure:7914: result: yes
configure:7914: checking for sys/stat.h
configure:7914: arm-none-linux-gnueabi-gcc -std=gnu99 -c -g -O2  conftest.c >&5
configure:7914: $? = 0
configure:7914: result: yes
configure:7914: checking for stdlib.h
configure:7914: arm-none-linux-gnueabi-gcc -std=gnu99 -c -g -O2  conftest.c >&5
configure:7914: $? = 0
configure:7914: result: yes
configure:7914: checking for string.h
configure:7914: arm-none-linux-gnueabi-gcc -std=gnu99 -c -g -O2  conftest.c >&5
configure:7914: $? = 0
configure:7914: result: yes
configure:7914: checking for memory.h
configure:7914: arm-none-linux-gnueabi-gcc -std=gnu99 -c -g -O2  conftest.c >&5
configure:7914: $? = 0
configure:7914: result: yes
configure:7914: checking for strings.h
configure:7914: arm-none-linux-gnueabi-gcc -std=gnu99 -c -g -O2  conftest.c >&5
configure:7914: $? = 0
configure:7914: result: yes
configure:7914: checking for inttypes.h
configure:7914: arm-none-linux-gnueabi-gcc -std=gnu99 -c -g -O2  conftest.c >&5
configure:7914: $? = 0
configure:7914: result: yes
configure:7914: checking for stdint.h
configure:7914: arm-none-linux-gnueabi-gcc -std=gnu99 -c -g -O2  conftest.c >&5
configure:7914: $? = 0
configure:7914: result: yes
configure:7914: checking for unistd.h
configure:7914: arm-none-linux-gnueabi-gcc -std=gnu99 -c -g -O2  conftest.c >&5
configure:7914: $? = 0
configure:7914: result: yes
configure:7928: checking for dlfcn.h
configure:7928: arm-none-linux-gnueabi-gcc -std=gnu99 -c -g -O2  conftest.c >&5
configure:7928: $? = 0
configure:7928: result: yes
configure:8085: checking for objdir
configure:8100: result: .libs
configure:8367: checking if arm-none-linux-gnueabi-gcc -std=gnu99 supports -fno-rtti -fno-exceptions
configure:8385: arm-none-linux-gnueabi-gcc -std=gnu99 -c -g -O2  -fno-rtti -fno-exceptions conftest.c >&5
cc1: warning: command line option "-fno-rtti" is valid for C++/ObjC++ but not for C
configure:8389: $? = 0
configure:8402: result: no
configure:8712: checking for arm-none-linux-gnueabi-gcc -std=gnu99 option to produce PIC
configure:8719: result: -fPIC -DPIC
configure:8727: checking if arm-none-linux-gnueabi-gcc -std=gnu99 PIC flag -fPIC -DPIC works
configure:8745: arm-none-linux-gnueabi-gcc -std=gnu99 -c -g -O2  -fPIC -DPIC -DPIC conftest.c >&5
configure:8749: $? = 0
configure:8762: result: yes
configure:8791: checking if arm-none-linux-gnueabi-gcc -std=gnu99 static flag -static works
configure:8819: result: yes
configure:8834: checking if arm-none-linux-gnueabi-gcc -std=gnu99 supports -c -o file.o
configure:8855: arm-none-linux-gnueabi-gcc -std=gnu99 -c -g -O2  -o out/conftest2.o conftest.c >&5
configure:8859: $? = 0
configure:8881: result: yes
configure:8889: checking if arm-none-linux-gnueabi-gcc -std=gnu99 supports -c -o file.o
configure:8936: result: yes
configure:8969: checking whether the arm-none-linux-gnueabi-gcc -std=gnu99 linker (/home/felipe/thesis_dev_repo/buildroot-2011.08/output/host/opt/ext-toolchain/arm-none-linux-gnueabi/bin/ld) supports shared libraries
configure:10131: result: yes
configure:10376: checking dynamic linker characteristics
configure:10891: arm-none-linux-gnueabi-gcc -std=gnu99 -o conftest -g -O2   -Wl,-rpath -Wl,/foo conftest.c  >&5
configure:10891: $? = 0
configure:11125: result: GNU/Linux ld.so
configure:11232: checking how to hardcode library paths into programs
configure:11257: result: immediate
configure:11797: checking whether stripping libraries is possible
configure:11802: result: yes
configure:11837: checking if libtool supports shared libraries
configure:11839: result: yes
configure:11842: checking whether to build shared libraries
configure:11863: result: no
configure:11866: checking whether to build static libraries
configure:11870: result: yes
configure:11908: checking for an ANSI C-conforming const
configure:11973: arm-none-linux-gnueabi-gcc -std=gnu99 -c -g -O2  conftest.c >&5
configure:11973: $? = 0
configure:11980: result: yes
configure:11989: checking for long long int
configure:12026: arm-none-linux-gnueabi-gcc -std=gnu99 -o conftest -g -O2   conftest.c  >&5
configure:12026: $? = 0
configure:12071: result: yes
configure:12081: checking for library containing ioperm
configure:12112: arm-none-linux-gnueabi-gcc -std=gnu99 -o conftest -g -O2   conftest.c  >&5
configure:12112: $? = 0
configure:12129: result: none required
configure:12137: checking for library containing dlopen
configure:12168: arm-none-linux-gnueabi-gcc -std=gnu99 -o conftest -g -O2   conftest.c  >&5
/tmp/ccAzTKWE.o: In function `main':
/home/felipe/thesis_dev_repo/openocd-0.5.0/conftest.c:35: undefined reference to `dlopen'
collect2: ld returned 1 exit status
configure:12168: $? = 1
configure: failed program was:
| /* confdefs.h */
| #define PACKAGE_NAME "openocd"
| #define PACKAGE_TARNAME "openocd"
| #define PACKAGE_VERSION "0.5.0"
| #define PACKAGE_STRING "openocd 0.5.0"
| #define PACKAGE_BUGREPORT "OpenOCD Mailing List <openocd-development@lists.berlios.de>"
| #define PACKAGE_URL ""
| #define PACKAGE "openocd"
| #define VERSION "0.5.0"
| #define STDC_HEADERS 1
| #define HAVE_SYS_TYPES_H 1
| #define HAVE_SYS_STAT_H 1
| #define HAVE_STDLIB_H 1
| #define HAVE_STRING_H 1
| #define HAVE_MEMORY_H 1
| #define HAVE_STRINGS_H 1
| #define HAVE_INTTYPES_H 1
| #define HAVE_STDINT_H 1
| #define HAVE_UNISTD_H 1
| #define HAVE_DLFCN_H 1
| #define LT_OBJDIR ".libs/"
| #define HAVE_LONG_LONG_INT 1
| /* end confdefs.h.  */
| 
| /* Override any GCC internal prototype to avoid an error.
|    Use char because int might match the return type of a GCC
|    builtin and then its argument prototype would still apply.  */
| #ifdef __cplusplus
| extern "C"
| #endif
| char dlopen ();
| int
| main ()
| {
| return dlopen ();
|   ;
|   return 0;
| }
configure:12168: arm-none-linux-gnueabi-gcc -std=gnu99 -o conftest -g -O2   conftest.c -ldl   >&5
configure:12168: $? = 0
configure:12185: result: -ldl
configure:12196: checking sys/socket.h usability
configure:12196: arm-none-linux-gnueabi-gcc -std=gnu99 -c -g -O2  conftest.c >&5
configure:12196: $? = 0
configure:12196: result: yes
configure:12196: checking sys/socket.h presence
configure:12196: arm-none-linux-gnueabi-gcc -std=gnu99 -E  conftest.c
configure:12196: $? = 0
configure:12196: result: yes
configure:12196: checking for sys/socket.h
configure:12196: result: yes
configure:12208: checking for arpa/inet.h
configure:12208: arm-none-linux-gnueabi-gcc -std=gnu99 -c -g -O2  conftest.c >&5
configure:12208: $? = 0
configure:12208: result: yes
configure:12233: checking elf.h usability
configure:12233: arm-none-linux-gnueabi-gcc -std=gnu99 -c -g -O2  conftest.c >&5
configure:12233: $? = 0
configure:12233: result: yes
configure:12233: checking elf.h presence
configure:12233: arm-none-linux-gnueabi-gcc -std=gnu99 -E  conftest.c
configure:12233: $? = 0
configure:12233: result: yes
configure:12233: checking for elf.h
configure:12233: result: yes
configure:12245: checking dirent.h usability
configure:12245: arm-none-linux-gnueabi-gcc -std=gnu99 -c -g -O2  conftest.c >&5
configure:12245: $? = 0
configure:12245: result: yes
configure:12245: checking dirent.h presence
configure:12245: arm-none-linux-gnueabi-gcc -std=gnu99 -E  conftest.c
configure:12245: $? = 0
configure:12245: result: yes
configure:12245: checking for dirent.h
configure:12245: result: yes
configure:12257: checking fcntl.h usability
configure:12257: arm-none-linux-gnueabi-gcc -std=gnu99 -c -g -O2  conftest.c >&5
configure:12257: $? = 0
configure:12257: result: yes
configure:12257: checking fcntl.h presence
configure:12257: arm-none-linux-gnueabi-gcc -std=gnu99 -E  conftest.c
configure:12257: $? = 0
configure:12257: result: yes
configure:12257: checking for fcntl.h
configure:12257: result: yes
configure:12269: checking for ifaddrs.h
configure:12269: arm-none-linux-gnueabi-gcc -std=gnu99 -c -g -O2  conftest.c >&5
configure:12269: $? = 0
configure:12269: result: yes
configure:12294: checking malloc.h usability
configure:12294: arm-none-linux-gnueabi-gcc -std=gnu99 -c -g -O2  conftest.c >&5
configure:12294: $? = 0
configure:12294: result: yes
configure:12294: checking malloc.h presence
configure:12294: arm-none-linux-gnueabi-gcc -std=gnu99 -E  conftest.c
configure:12294: $? = 0
configure:12294: result: yes
configure:12294: checking for malloc.h
configure:12294: result: yes
configure:12306: checking netdb.h usability
configure:12306: arm-none-linux-gnueabi-gcc -std=gnu99 -c -g -O2  conftest.c >&5
configure:12306: $? = 0
configure:12306: result: yes
configure:12306: checking netdb.h presence
configure:12306: arm-none-linux-gnueabi-gcc -std=gnu99 -E  conftest.c
configure:12306: $? = 0
configure:12306: result: yes
configure:12306: checking for netdb.h
configure:12306: result: yes
configure:12318: checking for netinet/in.h
configure:12318: arm-none-linux-gnueabi-gcc -std=gnu99 -c -g -O2  conftest.c >&5
configure:12318: $? = 0
configure:12318: result: yes
configure:12343: checking for netinet/tcp.h
configure:12343: arm-none-linux-gnueabi-gcc -std=gnu99 -c -g -O2  conftest.c >&5
configure:12343: $? = 0
configure:12343: result: yes
configure:12368: checking pthread.h usability
configure:12368: arm-none-linux-gnueabi-gcc -std=gnu99 -c -g -O2  conftest.c >&5
configure:12368: $? = 0
configure:12368: result: yes
configure:12368: checking pthread.h presence
configure:12368: arm-none-linux-gnueabi-gcc -std=gnu99 -E  conftest.c
configure:12368: $? = 0
configure:12368: result: yes
configure:12368: checking for pthread.h
configure:12368: result: yes
configure:12380: checking for strings.h
configure:12380: result: yes
configure:12392: checking sys/ioctl.h usability
configure:12392: arm-none-linux-gnueabi-gcc -std=gnu99 -c -g -O2  conftest.c >&5
configure:12392: $? = 0
configure:12392: result: yes
configure:12392: checking sys/ioctl.h presence
configure:12392: arm-none-linux-gnueabi-gcc -std=gnu99 -E  conftest.c
configure:12392: $? = 0
configure:12392: result: yes
configure:12392: checking for sys/ioctl.h
configure:12392: result: yes
configure:12404: checking sys/param.h usability
configure:12404: arm-none-linux-gnueabi-gcc -std=gnu99 -c -g -O2  conftest.c >&5
configure:12404: $? = 0
configure:12404: result: yes
configure:12404: checking sys/param.h presence
configure:12404: arm-none-linux-gnueabi-gcc -std=gnu99 -E  conftest.c
configure:12404: $? = 0
configure:12404: result: yes
configure:12404: checking for sys/param.h
configure:12404: result: yes
configure:12416: checking sys/poll.h usability
configure:12416: arm-none-linux-gnueabi-gcc -std=gnu99 -c -g -O2  conftest.c >&5
configure:12416: $? = 0
configure:12416: result: yes
configure:12416: checking sys/poll.h presence
configure:12416: arm-none-linux-gnueabi-gcc -std=gnu99 -E  conftest.c
configure:12416: $? = 0
configure:12416: result: yes
configure:12416: checking for sys/poll.h
configure:12416: result: yes
configure:12428: checking sys/select.h usability
configure:12428: arm-none-linux-gnueabi-gcc -std=gnu99 -c -g -O2  conftest.c >&5
configure:12428: $? = 0
configure:12428: result: yes
configure:12428: checking sys/select.h presence
configure:12428: arm-none-linux-gnueabi-gcc -std=gnu99 -E  conftest.c
configure:12428: $? = 0
configure:12428: result: yes
configure:12428: checking for sys/select.h
configure:12428: result: yes
configure:12440: checking for sys/stat.h
configure:12440: result: yes
configure:12452: checking sys/time.h usability
configure:12452: arm-none-linux-gnueabi-gcc -std=gnu99 -c -g -O2  conftest.c >&5
configure:12452: $? = 0
configure:12452: result: yes
configure:12452: checking sys/time.h presence
configure:12452: arm-none-linux-gnueabi-gcc -std=gnu99 -E  conftest.c
configure:12452: $? = 0
configure:12452: result: yes
configure:12452: checking for sys/time.h
configure:12452: result: yes
configure:12464: checking for sys/types.h
configure:12464: result: yes
configure:12476: checking for unistd.h
configure:12476: result: yes
configure:12488: checking for net/if.h
configure:12488: arm-none-linux-gnueabi-gcc -std=gnu99 -c -g -O2  conftest.c >&5
configure:12488: $? = 0
configure:12488: result: yes
configure:12513: checking whether to enable assertions
configure:12531: result: yes
configure:12534: checking for stdbool.h that conforms to C99
configure:12601: arm-none-linux-gnueabi-gcc -std=gnu99 -c -g -O2  conftest.c >&5
configure:12601: $? = 0
configure:12608: result: yes
configure:12610: checking for _Bool
configure:12610: arm-none-linux-gnueabi-gcc -std=gnu99 -c -g -O2  conftest.c >&5
configure:12610: $? = 0
configure:12610: arm-none-linux-gnueabi-gcc -std=gnu99 -c -g -O2  conftest.c >&5
conftest.c: In function 'main':
conftest.c:81:20: error: expected expression before ')' token
configure:12610: $? = 1
configure: failed program was:
| /* confdefs.h */
| #define PACKAGE_NAME "openocd"
| #define PACKAGE_TARNAME "openocd"
| #define PACKAGE_VERSION "0.5.0"
| #define PACKAGE_STRING "openocd 0.5.0"
| #define PACKAGE_BUGREPORT "OpenOCD Mailing List <openocd-development@lists.berlios.de>"
| #define PACKAGE_URL ""
| #define PACKAGE "openocd"
| #define VERSION "0.5.0"
| #define STDC_HEADERS 1
| #define HAVE_SYS_TYPES_H 1
| #define HAVE_SYS_STAT_H 1
| #define HAVE_STDLIB_H 1
| #define HAVE_STRING_H 1
| #define HAVE_MEMORY_H 1
| #define HAVE_STRINGS_H 1
| #define HAVE_INTTYPES_H 1
| #define HAVE_STDINT_H 1
| #define HAVE_UNISTD_H 1
| #define HAVE_DLFCN_H 1
| #define LT_OBJDIR ".libs/"
| #define HAVE_LONG_LONG_INT 1
| #define HAVE_SYS_SOCKET_H 1
| #define HAVE_ARPA_INET_H 1
| #define HAVE_ELF_H 1
| #define HAVE_DIRENT_H 1
| #define HAVE_FCNTL_H 1
| #define HAVE_IFADDRS_H 1
| #define HAVE_MALLOC_H 1
| #define HAVE_NETDB_H 1
| #define HAVE_NETINET_IN_H 1
| #define HAVE_NETINET_TCP_H 1
| #define HAVE_PTHREAD_H 1
| #define HAVE_STRINGS_H 1
| #define HAVE_SYS_IOCTL_H 1
| #define HAVE_SYS_PARAM_H 1
| #define HAVE_SYS_POLL_H 1
| #define HAVE_SYS_SELECT_H 1
| #define HAVE_SYS_STAT_H 1
| #define HAVE_SYS_TIME_H 1
| #define HAVE_SYS_TYPES_H 1
| #define HAVE_UNISTD_H 1
| #define HAVE_NET_IF_H 1
| /* end confdefs.h.  */
| #include <stdio.h>
| #ifdef HAVE_SYS_TYPES_H
| # include <sys/types.h>
| #endif
| #ifdef HAVE_SYS_STAT_H
| # include <sys/stat.h>
| #endif
| #ifdef STDC_HEADERS
| # include <stdlib.h>
| # include <stddef.h>
| #else
| # ifdef HAVE_STDLIB_H
| #  include <stdlib.h>
| # endif
| #endif
| #ifdef HAVE_STRING_H
| # if !defined STDC_HEADERS && defined HAVE_MEMORY_H
| #  include <memory.h>
| # endif
| # include <string.h>
| #endif
| #ifdef HAVE_STRINGS_H
| # include <strings.h>
| #endif
| #ifdef HAVE_INTTYPES_H
| # include <inttypes.h>
| #endif
| #ifdef HAVE_STDINT_H
| # include <stdint.h>
| #endif
| #ifdef HAVE_UNISTD_H
| # include <unistd.h>
| #endif
| int
| main ()
| {
| if (sizeof ((_Bool)))
| 	    return 0;
|   ;
|   return 0;
| }
configure:12610: result: yes
configure:12626: checking whether time.h and sys/time.h may both be included
configure:12646: arm-none-linux-gnueabi-gcc -std=gnu99 -c -g -O2  conftest.c >&5
configure:12646: $? = 0
configure:12653: result: yes
configure:12662: checking whether byte ordering is bigendian
configure:12677: arm-none-linux-gnueabi-gcc -std=gnu99 -c -g -O2  conftest.c >&5
conftest.c:49:13: error: expected '=', ',', ';', 'asm' or '__attribute__' before 'a'
configure:12677: $? = 1
configure: failed program was:
| /* confdefs.h */
| #define PACKAGE_NAME "openocd"
| #define PACKAGE_TARNAME "openocd"
| #define PACKAGE_VERSION "0.5.0"
| #define PACKAGE_STRING "openocd 0.5.0"
| #define PACKAGE_BUGREPORT "OpenOCD Mailing List <openocd-development@lists.berlios.de>"
| #define PACKAGE_URL ""
| #define PACKAGE "openocd"
| #define VERSION "0.5.0"
| #define STDC_HEADERS 1
| #define HAVE_SYS_TYPES_H 1
| #define HAVE_SYS_STAT_H 1
| #define HAVE_STDLIB_H 1
| #define HAVE_STRING_H 1
| #define HAVE_MEMORY_H 1
| #define HAVE_STRINGS_H 1
| #define HAVE_INTTYPES_H 1
| #define HAVE_STDINT_H 1
| #define HAVE_UNISTD_H 1
| #define HAVE_DLFCN_H 1
| #define LT_OBJDIR ".libs/"
| #define HAVE_LONG_LONG_INT 1
| #define HAVE_SYS_SOCKET_H 1
| #define HAVE_ARPA_INET_H 1
| #define HAVE_ELF_H 1
| #define HAVE_DIRENT_H 1
| #define HAVE_FCNTL_H 1
| #define HAVE_IFADDRS_H 1
| #define HAVE_MALLOC_H 1
| #define HAVE_NETDB_H 1
| #define HAVE_NETINET_IN_H 1
| #define HAVE_NETINET_TCP_H 1
| #define HAVE_PTHREAD_H 1
| #define HAVE_STRINGS_H 1
| #define HAVE_SYS_IOCTL_H 1
| #define HAVE_SYS_PARAM_H 1
| #define HAVE_SYS_POLL_H 1
| #define HAVE_SYS_SELECT_H 1
| #define HAVE_SYS_STAT_H 1
| #define HAVE_SYS_TIME_H 1
| #define HAVE_SYS_TYPES_H 1
| #define HAVE_UNISTD_H 1
| #define HAVE_NET_IF_H 1
| #define HAVE__BOOL 1
| #define HAVE_STDBOOL_H 1
| #define TIME_WITH_SYS_TIME 1
| /* end confdefs.h.  */
| #ifndef __APPLE_CC__
| 	       not a universal capable compiler
| 	     #endif
| 	     typedef int dummy;
| 
configure:12722: arm-none-linux-gnueabi-gcc -std=gnu99 -c -g -O2  conftest.c >&5
configure:12722: $? = 0
configure:12740: arm-none-linux-gnueabi-gcc -std=gnu99 -c -g -O2  conftest.c >&5
conftest.c: In function 'main':
conftest.c:55:4: error: 'not' undeclared (first use in this function)
conftest.c:55:4: note: each undeclared identifier is reported only once for each function it appears in
conftest.c:55:8: error: expected ';' before 'big'
configure:12740: $? = 1
configure: failed program was:
| /* confdefs.h */
| #define PACKAGE_NAME "openocd"
| #define PACKAGE_TARNAME "openocd"
| #define PACKAGE_VERSION "0.5.0"
| #define PACKAGE_STRING "openocd 0.5.0"
| #define PACKAGE_BUGREPORT "OpenOCD Mailing List <openocd-development@lists.berlios.de>"
| #define PACKAGE_URL ""
| #define PACKAGE "openocd"
| #define VERSION "0.5.0"
| #define STDC_HEADERS 1
| #define HAVE_SYS_TYPES_H 1
| #define HAVE_SYS_STAT_H 1
| #define HAVE_STDLIB_H 1
| #define HAVE_STRING_H 1
| #define HAVE_MEMORY_H 1
| #define HAVE_STRINGS_H 1
| #define HAVE_INTTYPES_H 1
| #define HAVE_STDINT_H 1
| #define HAVE_UNISTD_H 1
| #define HAVE_DLFCN_H 1
| #define LT_OBJDIR ".libs/"
| #define HAVE_LONG_LONG_INT 1
| #define HAVE_SYS_SOCKET_H 1
| #define HAVE_ARPA_INET_H 1
| #define HAVE_ELF_H 1
| #define HAVE_DIRENT_H 1
| #define HAVE_FCNTL_H 1
| #define HAVE_IFADDRS_H 1
| #define HAVE_MALLOC_H 1
| #define HAVE_NETDB_H 1
| #define HAVE_NETINET_IN_H 1
| #define HAVE_NETINET_TCP_H 1
| #define HAVE_PTHREAD_H 1
| #define HAVE_STRINGS_H 1
| #define HAVE_SYS_IOCTL_H 1
| #define HAVE_SYS_PARAM_H 1
| #define HAVE_SYS_POLL_H 1
| #define HAVE_SYS_SELECT_H 1
| #define HAVE_SYS_STAT_H 1
| #define HAVE_SYS_TIME_H 1
| #define HAVE_SYS_TYPES_H 1
| #define HAVE_UNISTD_H 1
| #define HAVE_NET_IF_H 1
| #define HAVE__BOOL 1
| #define HAVE_STDBOOL_H 1
| #define TIME_WITH_SYS_TIME 1
| /* end confdefs.h.  */
| #include <sys/types.h>
| 		#include <sys/param.h>
| 
| int
| main ()
| {
| #if BYTE_ORDER != BIG_ENDIAN
| 		 not big endian
| 		#endif
| 
|   ;
|   return 0;
| }
configure:12868: result: no
configure:12889: checking for strndup
configure:12889: arm-none-linux-gnueabi-gcc -std=gnu99 -o conftest -g -O2   conftest.c -ldl  >&5
conftest.c:71:6: warning: conflicting types for built-in function 'strndup'
configure:12889: $? = 0
configure:12889: result: yes
configure:12900: checking for strnlen
configure:12900: arm-none-linux-gnueabi-gcc -std=gnu99 -o conftest -g -O2   conftest.c -ldl  >&5
configure:12900: $? = 0
configure:12900: result: yes
configure:12911: checking for gettimeofday
configure:12911: arm-none-linux-gnueabi-gcc -std=gnu99 -o conftest -g -O2   conftest.c -ldl  >&5
configure:12911: $? = 0
configure:12911: result: yes
configure:12922: checking for usleep
configure:12922: arm-none-linux-gnueabi-gcc -std=gnu99 -o conftest -g -O2   conftest.c -ldl  >&5
configure:12922: $? = 0
configure:12922: result: yes
configure:12933: checking for vasprintf
configure:12933: arm-none-linux-gnueabi-gcc -std=gnu99 -o conftest -g -O2   conftest.c -ldl  >&5
configure:12933: $? = 0
configure:12933: result: yes
configure:13140: checking whether to build Doxygen as HTML
configure:13142: result: yes
configure:13153: checking whether to build Doxygen as PDF
configure:13155: result: no
configure:13214: checking whether to enable verbose JTAG I/O messages
configure:13216: result: no
configure:13224: checking whether to enable verbose USB I/O messages
configure:13226: result: no
configure:13234: checking whether to enable verbose USB communication messages
configure:13236: result: no
configure:13252: checking whether to enable malloc free space logging
configure:13254: result: no
configure:13506: checking whether to enable ZY1000 minidriver
configure:13517: result: no
configure:13521: checking whether to enable dummy minidriver
configure:13535: result: no
configure:13538: checking whether standard drivers can be built
configure:13547: result: yes
configure:14737: checking for environ in unistd.h and stdlib.h
configure:14755: arm-none-linux-gnueabi-gcc -std=gnu99 -c -g -O2  conftest.c >&5
configure:14755: $? = 0
configure:14757: result: yes
configure:14832: checking for a C compiler for build tools
configure:14839: checking for gcc
configure:14855: found /usr/bin/gcc
configure:14866: result: gcc
configure:14883: result: gcc
configure:14888: checking for suffix of executable build tools
configure:14899: gcc conftest.c -o conftest.exe
conftest.c: In function 'main':
conftest.c:3:3: warning: incompatible implicit declaration of built-in function 'exit' [enabled by default]
configure:14902: $? = 0
./configure: line 14904: ./conftest: No such file or directory
configure:14899: gcc conftest.c -o conftest
conftest.c: In function 'main':
conftest.c:3:3: warning: incompatible implicit declaration of built-in function 'exit' [enabled by default]
configure:14902: $? = 0
configure:14917: result: 
configure:15206: creating ./config.status

## ---------------------- ##
## Running config.status. ##
## ---------------------- ##

This file was extended by openocd config.status 0.5.0, which was
generated by GNU Autoconf 2.68.  Invocation command line was

  CONFIG_FILES    = 
  CONFIG_HEADERS  = 
  CONFIG_LINKS    = 
  CONFIG_COMMANDS = 
  $ ./config.status 

on felipe-vm

config.status:1248: creating Makefile
config.status:1248: creating src/Makefile
config.status:1248: creating src/helper/Makefile
config.status:1248: creating src/jtag/Makefile
config.status:1248: creating src/jtag/drivers/Makefile
config.status:1248: creating src/transport/Makefile
config.status:1248: creating src/xsvf/Makefile
config.status:1248: creating src/svf/Makefile
config.status:1248: creating src/target/Makefile
config.status:1248: creating src/rtos/Makefile
config.status:1248: creating src/server/Makefile
config.status:1248: creating src/flash/Makefile
config.status:1248: creating src/flash/nor/Makefile
config.status:1248: creating src/flash/nand/Makefile
config.status:1248: creating src/pld/Makefile
config.status:1248: creating doc/Makefile
config.status:1248: creating config.h
config.status:1429: config.h is unchanged
config.status:1477: executing depfiles commands
config.status:1477: executing libtool commands
configure:17526: === configuring in jimtcl (/home/felipe/thesis_dev_repo/openocd-0.5.0/jimtcl)
configure:17589: running /bin/bash ./configure.gnu --disable-option-checking '--prefix=/usr/local'  '--host=arm-none-linux-gnueabi' '--enable-imx233' '--disable-werror' 'host_alias=arm-none-linux-gnueabi' --cache-file=/dev/null --srcdir=.

## ---------------- ##
## Cache variables. ##
## ---------------- ##

ac_cv_build=x86_64-unknown-linux-gnu
ac_cv_c_bigendian=no
ac_cv_c_compiler_gnu=yes
ac_cv_c_const=yes
ac_cv_env_CC_set=
ac_cv_env_CC_value=
ac_cv_env_CFLAGS_set=
ac_cv_env_CFLAGS_value=
ac_cv_env_CPPFLAGS_set=
ac_cv_env_CPPFLAGS_value=
ac_cv_env_CPP_set=
ac_cv_env_CPP_value=
ac_cv_env_LDFLAGS_set=
ac_cv_env_LDFLAGS_value=
ac_cv_env_LIBS_set=
ac_cv_env_LIBS_value=
ac_cv_env_build_alias_set=
ac_cv_env_build_alias_value=
ac_cv_env_host_alias_set=set
ac_cv_env_host_alias_value=arm-none-linux-gnueabi
ac_cv_env_target_alias_set=
ac_cv_env_target_alias_value=
ac_cv_func_gettimeofday=yes
ac_cv_func_strndup=yes
ac_cv_func_strnlen=yes
ac_cv_func_usleep=yes
ac_cv_func_vasprintf=yes
ac_cv_header_arpa_inet_h=yes
ac_cv_header_dirent_h=yes
ac_cv_header_dlfcn_h=yes
ac_cv_header_elf_h=yes
ac_cv_header_fcntl_h=yes
ac_cv_header_ifaddrs_h=yes
ac_cv_header_inttypes_h=yes
ac_cv_header_malloc_h=yes
ac_cv_header_memory_h=yes
ac_cv_header_net_if_h=yes
ac_cv_header_netdb_h=yes
ac_cv_header_netinet_in_h=yes
ac_cv_header_netinet_tcp_h=yes
ac_cv_header_pthread_h=yes
ac_cv_header_stdbool_h=yes
ac_cv_header_stdc=yes
ac_cv_header_stdint_h=yes
ac_cv_header_stdlib_h=yes
ac_cv_header_string_h=yes
ac_cv_header_strings_h=yes
ac_cv_header_sys_ioctl_h=yes
ac_cv_header_sys_param_h=yes
ac_cv_header_sys_poll_h=yes
ac_cv_header_sys_select_h=yes
ac_cv_header_sys_socket_h=yes
ac_cv_header_sys_stat_h=yes
ac_cv_header_sys_time_h=yes
ac_cv_header_sys_types_h=yes
ac_cv_header_time=yes
ac_cv_header_unistd_h=yes
ac_cv_host=arm-none-linux-gnueabi
ac_cv_objext=o
ac_cv_path_EGREP='/bin/grep -E'
ac_cv_path_FGREP='/bin/grep -F'
ac_cv_path_GREP=/bin/grep
ac_cv_path_SED=/bin/sed
ac_cv_path_install='/usr/bin/install -c'
ac_cv_path_mkdir=/bin/mkdir
ac_cv_prog_AR=arm-none-linux-gnueabi-ar
ac_cv_prog_AWK=gawk
ac_cv_prog_CC=arm-none-linux-gnueabi-gcc
ac_cv_prog_CC_FOR_BUILD=gcc
ac_cv_prog_CPP='arm-none-linux-gnueabi-gcc -std=gnu99 -E'
ac_cv_prog_OBJDUMP=arm-none-linux-gnueabi-objdump
ac_cv_prog_RANLIB=arm-none-linux-gnueabi-ranlib
ac_cv_prog_STRIP=arm-none-linux-gnueabi-strip
ac_cv_prog_ac_ct_MANIFEST_TOOL=mt
ac_cv_prog_cc_arm_none_linux_gnueabi_gcc_c_o=yes
ac_cv_prog_cc_c89=
ac_cv_prog_cc_c99=-std=gnu99
ac_cv_prog_cc_g=yes
ac_cv_prog_make_make_set=yes
ac_cv_search_dlopen=-ldl
ac_cv_search_ioperm='none required'
ac_cv_type__Bool=yes
ac_cv_type_long_long_int=yes
am_cv_CC_dependencies_compiler_type=gcc3
lt_cv_ar_at_file=@
lt_cv_deplibs_check_method=pass_all
lt_cv_file_magic_cmd='$MAGIC_CMD'
lt_cv_file_magic_test_file=
lt_cv_ld_reload_flag=-r
lt_cv_nm_interface='BSD nm'
lt_cv_objdir=.libs
lt_cv_path_LD=/home/felipe/thesis_dev_repo/buildroot-2011.08/output/host/opt/ext-toolchain/arm-none-linux-gnueabi/bin/ld
lt_cv_path_NM='/home/felipe/thesis_dev_repo/buildroot-2011.08/output/host/usr/bin/arm-none-linux-gnueabi-nm -B'
lt_cv_path_mainfest_tool=no
lt_cv_prog_compiler_c_o=yes
lt_cv_prog_compiler_pic='-fPIC -DPIC'
lt_cv_prog_compiler_pic_works=yes
lt_cv_prog_compiler_rtti_exceptions=no
lt_cv_prog_compiler_static_works=yes
lt_cv_prog_gnu_ld=yes
lt_cv_sharedlib_from_linklib_cmd='printf %s\n'
lt_cv_shlibpath_overrides_runpath=no
lt_cv_sys_global_symbol_pipe='sed -n -e '\''s/^.*[	 ]\([ABCDGIRSTW][ABCDGIRSTW]*\)[	 ][	 ]*\([_A-Za-z][_A-Za-z0-9]*\)$/\1 \2 \2/p'\'' | sed '\''/ __gnu_lto/d'\'''
lt_cv_sys_global_symbol_to_c_name_address='sed -n -e '\''s/^: \([^ ]*\)[ ]*$/  {\"\1\", (void *) 0},/p'\'' -e '\''s/^[ABCDGIRSTW]* \([^ ]*\) \([^ ]*\)$/  {"\2", (void *) \&\2},/p'\'''
lt_cv_sys_global_symbol_to_c_name_address_lib_prefix='sed -n -e '\''s/^: \([^ ]*\)[ ]*$/  {\"\1\", (void *) 0},/p'\'' -e '\''s/^[ABCDGIRSTW]* \([^ ]*\) \(lib[^ ]*\)$/  {"\2", (void *) \&\2},/p'\'' -e '\''s/^[ABCDGIRSTW]* \([^ ]*\) \([^ ]*\)$/  {"lib\2", (void *) \&\2},/p'\'''
lt_cv_sys_global_symbol_to_cdecl='sed -n -e '\''s/^T .* \(.*\)$/extern int \1();/p'\'' -e '\''s/^[ABCDGIRSTW]* .* \(.*\)$/extern char \1;/p'\'''
lt_cv_sys_max_cmd_len=1572864
lt_cv_to_host_file_cmd=func_convert_file_noop
lt_cv_to_tool_file_cmd=func_convert_file_noop

## ----------------- ##
## Output variables. ##
## ----------------- ##

ACLOCAL='${SHELL} /home/felipe/thesis_dev_repo/openocd-0.5.0/missing --run aclocal-1.11'
AMDEPBACKSLASH='\'
AMDEP_FALSE='#'
AMDEP_TRUE=''
AMTAR='${SHELL} /home/felipe/thesis_dev_repo/openocd-0.5.0/missing --run tar'
AMTJTAGACCEL_FALSE=''
AMTJTAGACCEL_TRUE='#'
AR='arm-none-linux-gnueabi-ar'
ARMJTAGEW_FALSE=''
ARMJTAGEW_TRUE='#'
AT91RM9200_FALSE=''
AT91RM9200_TRUE='#'
AUTOCONF='${SHELL} /home/felipe/thesis_dev_repo/openocd-0.5.0/missing --run autoconf'
AUTOHEADER='${SHELL} /home/felipe/thesis_dev_repo/openocd-0.5.0/missing --run autoheader'
AUTOMAKE='${SHELL} /home/felipe/thesis_dev_repo/openocd-0.5.0/missing --run automake-1.11'
AWK='gawk'
BITBANG_FALSE='#'
BITBANG_TRUE=''
BITQ_FALSE=''
BITQ_TRUE='#'
BUSPIRATE_FALSE=''
BUSPIRATE_TRUE='#'
CC='arm-none-linux-gnueabi-gcc -std=gnu99'
CCDEPMODE='depmode=gcc3'
CC_FOR_BUILD='gcc'
CFLAGS='-g -O2 -Wall -Wstrict-prototypes -Wformat-security -Wshadow -Wextra -Wno-unused-parameter -Wbad-function-cast -Wcast-align -Wredundant-decls'
CFLAGS_FOR_BUILD='-g -O2 -Wall -Wstrict-prototypes -Wformat-security -Wshadow -Wextra -Wno-unused-parameter -Wbad-function-cast -Wcast-align -Wredundant-decls'
CPP='arm-none-linux-gnueabi-gcc -std=gnu99 -E'
CPPFLAGS=''
CYGPATH_W='echo'
DEFS='-DHAVE_CONFIG_H'
DEPDIR='.deps'
DLLTOOL='false'
DSYMUTIL=''
DUMMY_FALSE=''
DUMMY_TRUE='#'
DUMPBIN=''
ECHO_C=''
ECHO_N='-n'
ECHO_T=''
ECOSBOARD_FALSE=''
ECOSBOARD_TRUE='#'
EGREP='/bin/grep -E'
EP93XX_FALSE=''
EP93XX_TRUE='#'
EXEEXT=''
EXEEXT_FOR_BUILD=''
FGREP='/bin/grep -F'
FT2232_DRIVER_FALSE=''
FT2232_DRIVER_TRUE='#'
FT2232_LIBFTDI_FALSE=''
FT2232_LIBFTDI_TRUE='#'
GIVEIO_FALSE=''
GIVEIO_TRUE='#'
GREP='/bin/grep'
GW16012_FALSE=''
GW16012_TRUE='#'
IMX233_FALSE='#'
IMX233_TRUE=''
INSTALL_DATA='${INSTALL} -m 644'
INSTALL_PROGRAM='${INSTALL}'
INSTALL_SCRIPT='${INSTALL}'
INSTALL_STRIP_PROGRAM='$(install_sh) -c -s'
INTERNAL_JIMTCL_FALSE='#'
INTERNAL_JIMTCL_TRUE=''
IOUTIL_FALSE=''
IOUTIL_TRUE='#'
IS_CYGWIN_FALSE=''
IS_CYGWIN_TRUE='#'
IS_DARWIN_FALSE=''
IS_DARWIN_TRUE='#'
IS_MINGW_FALSE=''
IS_MINGW_TRUE='#'
IS_WIN32_FALSE=''
IS_WIN32_TRUE='#'
JLINK_FALSE=''
JLINK_TRUE='#'
LD='/home/felipe/thesis_dev_repo/buildroot-2011.08/output/host/opt/ext-toolchain/arm-none-linux-gnueabi/bin/ld'
LDFLAGS=''
LIBOBJS=''
LIBS='-ldl '
LIBTOOL='$(SHELL) $(top_builddir)/libtool'
LIBTOOL_DEPS='./ltmain.sh'
LIPO=''
LN_S='ln -s'
LTLIBOBJS=''
MAINT='#'
MAINTAINER_MODE_FALSE=''
MAINTAINER_MODE_TRUE='#'
MAKEINFO='${SHELL} /home/felipe/thesis_dev_repo/openocd-0.5.0/missing --run makeinfo'
MANIFEST_TOOL=':'
MINIDRIVER_DUMMY_FALSE=''
MINIDRIVER_DUMMY_TRUE='#'
MINIDRIVER_FALSE=''
MINIDRIVER_TRUE='#'
MKDIR_P='/bin/mkdir -p'
NM='/home/felipe/thesis_dev_repo/buildroot-2011.08/output/host/usr/bin/arm-none-linux-gnueabi-nm -B'
NMEDIT=''
OBJDUMP='arm-none-linux-gnueabi-objdump'
OBJEXT='o'
OOCD_TRACE_FALSE=''
OOCD_TRACE_TRUE='#'
OTOOL64=''
OTOOL=''
PACKAGE='openocd'
PACKAGE_BUGREPORT='OpenOCD Mailing List <openocd-development@lists.berlios.de>'
PACKAGE_NAME='openocd'
PACKAGE_STRING='openocd 0.5.0'
PACKAGE_TARNAME='openocd'
PACKAGE_URL=''
PACKAGE_VERSION='0.5.0'
PARPORT_FALSE=''
PARPORT_TRUE='#'
PATH_SEPARATOR=':'
PRESTO_DRIVER_FALSE=''
PRESTO_DRIVER_TRUE='#'
PRESTO_LIBFTDI_FALSE=''
PRESTO_LIBFTDI_TRUE='#'
RANLIB='arm-none-linux-gnueabi-ranlib'
RELEASE_FALSE='#'
RELEASE_TRUE=''
RLINK_FALSE=''
RLINK_TRUE='#'
SED='/bin/sed'
SET_MAKE=''
SHELL='/bin/bash'
STRIP='arm-none-linux-gnueabi-strip'
ULINK_FALSE=''
ULINK_TRUE='#'
USBPROG_FALSE=''
USBPROG_TRUE='#'
USB_BLASTER_DRIVER_FALSE=''
USB_BLASTER_DRIVER_TRUE='#'
USB_BLASTER_LIBFTDI_FALSE=''
USB_BLASTER_LIBFTDI_TRUE='#'
USB_FALSE=''
USB_TRUE='#'
VERSION='0.5.0'
VSLLINK_FALSE=''
VSLLINK_TRUE='#'
ZY1000_FALSE=''
ZY1000_MASTER_FALSE=''
ZY1000_MASTER_TRUE='#'
ZY1000_TRUE='#'
ac_ct_AR=''
ac_ct_CC=''
ac_ct_DUMPBIN=''
am__EXEEXT_FALSE=''
am__EXEEXT_TRUE='#'
am__fastdepCC_FALSE='#'
am__fastdepCC_TRUE=''
am__include='include'
am__isrc=''
am__leading_dot='.'
am__quote=''
am__tar='${AMTAR} chof - "$$tardir"'
am__untar='${AMTAR} xf -'
bindir='${exec_prefix}/bin'
build='x86_64-unknown-linux-gnu'
build_alias=''
build_cpu='x86_64'
build_os='linux-gnu'
build_vendor='unknown'
datadir='${datarootdir}'
datarootdir='${prefix}/share'
docdir='${datarootdir}/doc/${PACKAGE_TARNAME}'
doxygen_as_html='yes'
doxygen_as_pdf='no'
dvidir='${docdir}'
exec_prefix='${prefix}'
host='arm-none-linux-gnueabi'
host_alias='arm-none-linux-gnueabi'
host_cpu='arm'
host_os='linux-gnueabi'
host_vendor='none'
htmldir='${docdir}'
includedir='${prefix}/include'
infodir='${datarootdir}/info'
install_sh='${SHELL} /home/felipe/thesis_dev_repo/openocd-0.5.0/install-sh'
libdir='${exec_prefix}/lib'
libexecdir='${exec_prefix}/libexec'
localedir='${datarootdir}/locale'
localstatedir='${prefix}/var'
mandir='${datarootdir}/man'
mkdir_p='/bin/mkdir -p'
oldincludedir='/usr/include'
pdfdir='${docdir}'
prefix='/usr/local'
program_transform_name='s,x,x,'
psdir='${docdir}'
sbindir='${exec_prefix}/sbin'
sharedstatedir='${prefix}/com'
subdirs=' jimtcl'
sysconfdir='${prefix}/etc'
target_alias=''

## ----------- ##
## confdefs.h. ##
## ----------- ##

/* confdefs.h */
#define PACKAGE_NAME "openocd"
#define PACKAGE_TARNAME "openocd"
#define PACKAGE_VERSION "0.5.0"
#define PACKAGE_STRING "openocd 0.5.0"
#define PACKAGE_BUGREPORT "OpenOCD Mailing List <openocd-development@lists.berlios.de>"
#define PACKAGE_URL ""
#define PACKAGE "openocd"
#define VERSION "0.5.0"
#define STDC_HEADERS 1
#define HAVE_SYS_TYPES_H 1
#define HAVE_SYS_STAT_H 1
#define HAVE_STDLIB_H 1
#define HAVE_STRING_H 1
#define HAVE_MEMORY_H 1
#define HAVE_STRINGS_H 1
#define HAVE_INTTYPES_H 1
#define HAVE_STDINT_H 1
#define HAVE_UNISTD_H 1
#define HAVE_DLFCN_H 1
#define LT_OBJDIR ".libs/"
#define HAVE_LONG_LONG_INT 1
#define HAVE_SYS_SOCKET_H 1
#define HAVE_ARPA_INET_H 1
#define HAVE_ELF_H 1
#define HAVE_DIRENT_H 1
#define HAVE_FCNTL_H 1
#define HAVE_IFADDRS_H 1
#define HAVE_MALLOC_H 1
#define HAVE_NETDB_H 1
#define HAVE_NETINET_IN_H 1
#define HAVE_NETINET_TCP_H 1
#define HAVE_PTHREAD_H 1
#define HAVE_STRINGS_H 1
#define HAVE_SYS_IOCTL_H 1
#define HAVE_SYS_PARAM_H 1
#define HAVE_SYS_POLL_H 1
#define HAVE_SYS_SELECT_H 1
#define HAVE_SYS_STAT_H 1
#define HAVE_SYS_TIME_H 1
#define HAVE_SYS_TYPES_H 1
#define HAVE_UNISTD_H 1
#define HAVE_NET_IF_H 1
#define HAVE__BOOL 1
#define HAVE_STDBOOL_H 1
#define TIME_WITH_SYS_TIME 1
#define HAVE_STRNDUP 1
#define HAVE_STRNLEN 1
#define HAVE_GETTIMEOFDAY 1
#define HAVE_USLEEP 1
#define HAVE_VASPRINTF 1
#define IS_CYGWIN 0
#define IS_WIN32 0
#define IS_DARWIN 0
#define BUILD_PARPORT 0
#define BUILD_DUMMY 0
#define BUILD_EP93XX 0
#define BUILD_ECOSBOARD 0
#define BUILD_ZY1000 0
#define BUILD_ZY1000_MASTER 0
#define BUILD_AT91RM9200 0
#define BUILD_IMX233 1
#define PARPORT_USE_PPDEV 1
#define PARPORT_USE_GIVEIO 0
#define BUILD_BITBANG 1
#define BUILD_FT2232_LIBFTDI 0
#define BUILD_FT2232_FTD2XX 0
#define BUILD_USB_BLASTER_LIBFTDI 0
#define BUILD_USB_BLASTER_FTD2XX 0
#define BUILD_AMTJTAGACCEL 0
#define BUILD_GW16012 0
#define BUILD_PRESTO_LIBFTDI 0
#define BUILD_PRESTO_FTD2XX 0
#define BUILD_BITQ 0
#define BUILD_USBPROG 0
#define BUILD_OOCD_TRACE 0
#define BUILD_JLINK 0
#define BUILD_VSLLINK 0
#define BUILD_RLINK 0
#define BUILD_ULINK 0
#define BUILD_ARMJTAGEW 0
#define BUILD_BUSPIRATE 0
#define _GNU_SOURCE 1

configure: exit 0
